<?xml version="1.0" encoding="UTF-8"?>
<testng-results skipped="0" failed="0" ignored="0" total="1" passed="1">
  <reporter-output>
  </reporter-output>
  <suite name="Surefire suite" duration-ms="13397" started-at="2022-06-03T11:56:06Z" finished-at="2022-06-03T11:56:19Z">
    <groups>
    </groups>
    <test name="Surefire test" duration-ms="13397" started-at="2022-06-03T11:56:06Z" finished-at="2022-06-03T11:56:19Z">
      <class name="testNgTests.ValidLoginTest">
        <test-method status="PASS" signature="setDriver(java.lang.String)[pri:0, instance:testNgTests.ValidLoginTest@4501b7af]" name="setDriver" is-config="true" duration-ms="2433" started-at="2022-06-03T11:56:06Z" finished-at="2022-06-03T11:56:08Z">
          <params>
            <param index="0">
              <value>
                <![CDATA[CHROME]]>
              </value>
            </param>
          </params>
          <reporter-output>
          </reporter-output>
        </test-method> <!-- setDriver -->
        <test-method status="PASS" signature="setUp()[pri:0, instance:testNgTests.ValidLoginTest@4501b7af]" name="setUp" is-config="true" duration-ms="25" started-at="2022-06-03T11:56:08Z" finished-at="2022-06-03T11:56:08Z">
          <reporter-output>
          </reporter-output>
        </test-method> <!-- setUp -->
        <test-method status="PASS" signature="ValidsignIn()[pri:0, instance:testNgTests.ValidLoginTest@4501b7af]" name="ValidsignIn" duration-ms="10846" started-at="2022-06-03T11:56:08Z" finished-at="2022-06-03T11:56:19Z">
          <reporter-output>
          </reporter-output>
        </test-method> <!-- ValidsignIn -->
      </class> <!-- testNgTests.ValidLoginTest -->
    </test> <!-- Surefire test -->
  </suite> <!-- Surefire suite -->
</testng-results>
